<?xml version="1.0" encoding="UTF-8"?>
<!-- Generated by org.testng.reporters.JUnitReportReporter -->
<testsuite hostname="QQSPLEKLTP0182" failures="0" tests="1" name="TestVagrant.WikiHomePage" time="3.447" errors="0" timestamp="2022-08-04T03:06:48 IST" skipped="0">
  <testcase classname="TestVagrant.WikiHomePage" name="extractReleaseDate" time="3.447"/>
  <system-out/>
</testsuite> <!-- TestVagrant.WikiHomePage -->
