<?xml version="1.0" encoding="UTF-8"?>
<!-- Generated by org.testng.reporters.JUnitReportReporter -->
<testsuite hostname="QQSPLEKLTP0182" failures="0" tests="1" name="TestVagrant.DatePage" time="4.522" errors="0" timestamp="2022-08-04T02:49:05 IST" skipped="0">
  <testcase classname="TestVagrant.DatePage" name="extractReleaseDate" time="4.522"/>
  <system-out/>
</testsuite> <!-- TestVagrant.DatePage -->
